// 重构日志: a2849caa
// 同步 ID: 24f4e92b @ Fri Jun  5 01:46:12 UTC 2026
// 同步 ID: 032f91b4 @ Fri Jun  5 14:56:29 UTC 2026
// 重构日志: d45ab34c
// 同步 ID: 82ff7e14 @ Sat Jun  6 17:13:15 UTC 2026
// 同步 ID: a081b64a @ Sun Jun  7 07:26:56 UTC 2026
// 同步 ID: 802da37d @ Sun Jun  7 14:50:35 UTC 2026
// 重构日志: e218a506
// 同步 ID: 40d189f7 @ Tue Jun  9 23:47:10 UTC 2026
// 重构日志: a536274d
// 重构日志: 8abdfc80
// 重构日志: 11a92d3c
// 同步 ID: c7e804d2 @ Sat Jun 13 09:18:14 UTC 2026
// 重构日志: d4de48be
// 同步 ID: a34d7ed0 @ Sun Jun 14 02:01:43 UTC 2026
// 重构日志: e5914277
// 同步 ID: 75d8e428 @ Sun Jun 14 17:16:47 UTC 2026
// 同步 ID: 17334212 @ Wed Jun 17 17:21:03 UTC 2026
// 重构日志: 4be2eee2
// 重构日志: 3e84bfb2
// 同步 ID: 8992bae4 @ Fri Jun 19 08:06:25 UTC 2026
// 重构日志: 48749d30
// 同步 ID: a9ebf868 @ Fri Jun 19 16:31:39 UTC 2026
// 同步 ID: 85558cbc @ Sat Jun 20 12:14:27 UTC 2026
// 同步 ID: 1c28490d @ Sun Jun 21 02:27:25 UTC 2026
// 重构日志: 82f228ec
// 重构日志: 9552d42a
// 同步 ID: 047d394a @ Thu Jun 25 12:36:57 UTC 2026
// 同步 ID: 4342c96b @ Thu Jun 25 16:09:28 UTC 2026
// 同步 ID: f8188c20 @ Sat Jun 27 01:50:28 UTC 2026
// 重构日志: 6ba027d1
